{"/Users/ranaalkhoudari/Desktop/invoice2/CRUD-invoice/server/models/userModel.js": {"path":"/Users/ranaalkhoudari/Desktop/invoice2/CRUD-invoice/server/models/userModel.js","statementMap":{"0":{"start":{"line":1,"column":17},"end":{"line":1,"column":36}},"1":{"start":{"line":2,"column":19},"end":{"line":2,"column":27}},"2":{"start":{"line":4,"column":19},"end":{"line":6,"column":2}},"3":{"start":{"line":8,"column":13},"end":{"line":8,"column":47}},"4":{"start":{"line":10,"column":0},"end":{"line":10,"column":22}}},"fnMap":{},"branchMap":{},"s":{"0":1,"1":1,"2":1,"3":1,"4":1},"f":{},"b":{},"_coverageSchema":"1a1c01bbd47fc00a2c39e90264f33305004495a9","hash":"7561e52c8f6e197849e038c30f73873b0e81fa60"}
,"/Users/ranaalkhoudari/Desktop/invoice2/CRUD-invoice/server/tests/db.js": {"path":"/Users/ranaalkhoudari/Desktop/invoice2/CRUD-invoice/server/tests/db.js","statementMap":{"0":{"start":{"line":1,"column":17},"end":{"line":1,"column":36}},"1":{"start":{"line":2,"column":30},"end":{"line":2,"column":62}},"2":{"start":{"line":4,"column":15},"end":{"line":4,"column":38}},"3":{"start":{"line":6,"column":0},"end":{"line":16,"column":2}},"4":{"start":{"line":7,"column":14},"end":{"line":7,"column":35}},"5":{"start":{"line":9,"column":23},"end":{"line":13,"column":3}},"6":{"start":{"line":15,"column":2},"end":{"line":15,"column":44}},"7":{"start":{"line":21,"column":0},"end":{"line":25,"column":2}},"8":{"start":{"line":22,"column":2},"end":{"line":22,"column":43}},"9":{"start":{"line":23,"column":2},"end":{"line":23,"column":36}},"10":{"start":{"line":24,"column":2},"end":{"line":24,"column":22}},"11":{"start":{"line":30,"column":0},"end":{"line":37,"column":2}},"12":{"start":{"line":31,"column":22},"end":{"line":31,"column":53}},"13":{"start":{"line":33,"column":2},"end":{"line":36,"column":3}},"14":{"start":{"line":34,"column":23},"end":{"line":34,"column":39}},"15":{"start":{"line":35,"column":4},"end":{"line":35,"column":34}}},"fnMap":{"0":{"name":"(anonymous_0)","decl":{"start":{"line":6,"column":25},"end":{"line":6,"column":26}},"loc":{"start":{"line":6,"column":37},"end":{"line":16,"column":1}},"line":6},"1":{"name":"(anonymous_1)","decl":{"start":{"line":21,"column":31},"end":{"line":21,"column":32}},"loc":{"start":{"line":21,"column":43},"end":{"line":25,"column":1}},"line":21},"2":{"name":"(anonymous_2)","decl":{"start":{"line":30,"column":31},"end":{"line":30,"column":32}},"loc":{"start":{"line":30,"column":43},"end":{"line":37,"column":1}},"line":30}},"branchMap":{},"s":{"0":1,"1":1,"2":1,"3":1,"4":1,"5":0,"6":0,"7":1,"8":1,"9":0,"10":0,"11":1,"12":1,"13":1,"14":1,"15":1},"f":{"0":1,"1":1,"2":1},"b":{},"_coverageSchema":"1a1c01bbd47fc00a2c39e90264f33305004495a9","hash":"4f84d78e602debc2dc79ca73eaed0e24512afc96"}
}
